going to execute task: Five Points Stencil
	task initialization is complete
	segment grouping of threads is complete
	memory allocation is complete
Memory preparation time: 1.13974 Seconds
	No MPI resource setup was needed for Ghost-region Sync Communicator for plateStage8No1
	communicators have been created
Communicators setup time: 0.220373 Seconds
	launching threads
		launched thread #0
		launched thread #1
		launched thread #2
		launched thread #3
		launched thread #4
		launched thread #5
		launched thread #6
		launched thread #7
		launched thread #8
		launched thread #9
		launched thread #10
		launched thread #11
Computation time: 0.911 Seconds
Computation + overhead time: 1.13137 Seconds
		Dependency: plateStage8No1:
			Confinements processing time: 0.0114191
			Buffer setup time: 0.206798
			Communication resources setup time: 0
			Communication time: 
				Buffer reading: 0.242013
				MPI transfer: 0.000266314
				Buffer writing: 0.0450773
				Total: 0.287357
		Dependency: plateStage9No1:
			Confinements processing time: 0
			Buffer setup time: 0
			Communication resources setup time: 0
			Communication time: 
				Buffer reading: 0
				MPI transfer: 0
				Buffer writing: 0
				Total: 0
Total communication time: 0.287357 Seconds
Computation without communication time: 0.623643 Seconds
Execution Time: 2.27431 Seconds
