going to execute task: Five Points Stencil
	task initialization is complete
	segment grouping of threads is complete
	memory allocation is complete
Memory preparation time: 1.02954 Seconds
	No MPI resource setup was needed for Ghost-region Sync Communicator for plateStage8No1
	communicators have been created
Communicators setup time: 0.019757 Seconds
	launching threads
		launched thread #0
		launched thread #1
Computation time: 0.596331 Seconds
Computation + overhead time: 0.616088 Seconds
		Dependency: plateStage8No1:
			Confinements processing time: 0.000389099
			Buffer setup time: 0.0184848
			Communication resources setup time: 0
			Communication time: 
				Buffer reading: 0.0161347
				MPI transfer: 8.9407e-05
				Buffer writing: 0.000634432
				Total: 0.0168586
		Dependency: plateStage9No1:
			Confinements processing time: 0
			Buffer setup time: 0
			Communication resources setup time: 0
			Communication time: 
				Buffer reading: 0
				MPI transfer: 0
				Buffer writing: 0
				Total: 0
Total communication time: 0.0168586 Seconds
Computation without communication time: 0.579472 Seconds
Execution Time: 1.65049 Seconds
