going to execute task: Five Points Stencil
	task initialization is complete
	segment grouping of threads is complete
	memory allocation is complete
Memory preparation time: 0.91774 Seconds
	No MPI resource setup was needed for Ghost-region Sync Communicator for plateStage8No1
	communicators have been created
Communicators setup time: 0.0183401 Seconds
	launching threads
		launched thread #0
		launched thread #1
Computation time: 0.582327 Seconds
Computation + overhead time: 0.600667 Seconds
		Dependency: plateStage8No1:
			Confinements processing time: 0.000112057
			Buffer setup time: 0.017818
			Communication resources setup time: 0
			Communication time: 
				Buffer reading: 0.0158875
				MPI transfer: 3.91006e-05
				Buffer writing: 0.000658512
				Total: 0.0165851
		Dependency: plateStage9No1:
			Confinements processing time: 0
			Buffer setup time: 0
			Communication resources setup time: 0
			Communication time: 
				Buffer reading: 0
				MPI transfer: 0
				Buffer writing: 0
				Total: 0
Total communication time: 0.0165851 Seconds
Computation without communication time: 0.565742 Seconds
Execution Time: 1.52522 Seconds
