going to execute task: Five Points Stencil
	task initialization is complete
	segment grouping of threads is complete
	memory allocation is complete
Memory preparation time: 1.05277 Seconds
	No MPI resource setup was needed for Ghost-region Sync Communicator for plateStage8No1
	communicators have been created
Communicators setup time: 0.126421 Seconds
	launching threads
		launched thread #0
		launched thread #1
		launched thread #2
		launched thread #3
		launched thread #4
		launched thread #5
		launched thread #6
		launched thread #7
Computation time: 0.69123 Seconds
Computation + overhead time: 0.817651 Seconds
		Dependency: plateStage8No1:
			Confinements processing time: 0.00453711
			Buffer setup time: 0.119666
			Communication resources setup time: 0
			Communication time: 
				Buffer reading: 0.143331
				MPI transfer: 0.000223398
				Buffer writing: 0.013109
				Total: 0.156664
		Dependency: plateStage9No1:
			Confinements processing time: 0
			Buffer setup time: 0
			Communication resources setup time: 0
			Communication time: 
				Buffer reading: 0
				MPI transfer: 0
				Buffer writing: 0
				Total: 0
Total communication time: 0.156664 Seconds
Computation without communication time: 0.534566 Seconds
Execution Time: 1.87401 Seconds
