going to execute task: Five Points Stencil
	task initialization is complete
	segment grouping of threads is complete
	memory allocation is complete
Memory preparation time: 1.22845 Seconds
	communicators have been created
Communicators setup time: 0.00137496 Seconds
	launching threads
		launched thread #0
Computation time: 12.5233 Seconds
Computation + overhead time: 12.5247 Seconds
		Dependency: plateStage8No1:
			Confinements processing time: 0
			Buffer setup time: 0
			Communication resources setup time: 0
			Communication time: 
				Buffer reading: 0
				MPI transfer: 0
				Buffer writing: 0
				Total: 0
		Dependency: plateStage9No1:
			Confinements processing time: 0
			Buffer setup time: 0
			Communication resources setup time: 0
			Communication time: 
				Buffer reading: 0
				MPI transfer: 0
				Buffer writing: 0
				Total: 0
Total communication time: 0 Seconds
Computation without communication time: 12.5233 Seconds
Execution Time: 13.7563 Seconds
