going to execute task: Five Points Stencil
	task initialization is complete
	segment grouping of threads is complete
	memory allocation is complete
Memory preparation time: 1.0252 Seconds
	No MPI resource setup was needed for Ghost-region Sync Communicator for plateStage8No1
	communicators have been created
Communicators setup time: 0.129287 Seconds
	launching threads
		launched thread #0
		launched thread #1
		launched thread #2
		launched thread #3
		launched thread #4
		launched thread #5
		launched thread #6
		launched thread #7
Computation time: 0.666884 Seconds
Computation + overhead time: 0.796171 Seconds
		Dependency: plateStage8No1:
			Confinements processing time: 0.00728106
			Buffer setup time: 0.120666
			Communication resources setup time: 0
			Communication time: 
				Buffer reading: 0.138487
				MPI transfer: 6.81877e-05
				Buffer writing: 0.0158484
				Total: 0.154403
		Dependency: plateStage9No1:
			Confinements processing time: 0
			Buffer setup time: 0
			Communication resources setup time: 0
			Communication time: 
				Buffer reading: 0
				MPI transfer: 0
				Buffer writing: 0
				Total: 0
Total communication time: 0.154403 Seconds
Computation without communication time: 0.512481 Seconds
Execution Time: 1.82909 Seconds
