going to execute task: Five Points Stencil
	task initialization is complete
	segment grouping of threads is complete
	memory allocation is complete
Memory preparation time: 1.24387 Seconds
	No MPI resource setup was needed for Ghost-region Sync Communicator for plateStage8No1
	communicators have been created
Communicators setup time: 0.450844 Seconds
	launching threads
		launched thread #0
		launched thread #1
		launched thread #2
		launched thread #3
		launched thread #4
		launched thread #5
		launched thread #6
		launched thread #7
		launched thread #8
		launched thread #9
		launched thread #10
		launched thread #11
		launched thread #12
		launched thread #13
		launched thread #14
		launched thread #15
		launched thread #16
		launched thread #17
		launched thread #18
		launched thread #19
Computation time: 1.96677 Seconds
Computation + overhead time: 2.41761 Seconds
		Dependency: plateStage8No1:
			Confinements processing time: 0.0718279
			Buffer setup time: 0.373975
			Communication resources setup time: 0
			Communication time: 
				Buffer reading: 0.0753918
				MPI transfer: 0.000506401
				Buffer writing: 0.307967
				Total: 0.383865
		Dependency: plateStage9No1:
			Confinements processing time: 0
			Buffer setup time: 0
			Communication resources setup time: 0
			Communication time: 
				Buffer reading: 0
				MPI transfer: 0
				Buffer writing: 0
				Total: 0
Total communication time: 0.383865 Seconds
Computation without communication time: 1.5829 Seconds
Execution Time: 3.67453 Seconds
